[2019-08-02T07:58:35.957Z] POST /api/login 422 query => {} - params => {} - body => {"user_name":"zhoulang","password":"123456"} - - 53.029 ms
[2019-08-02T08:04:16.372Z] DELETE /api/users/ 404 query => {} - params => undefined - body => {} - - 3.110 ms
[2019-08-02T08:05:26.282Z] POST /api/users 500 query => {} - params => {} - body => {"user_name":"zhoulang","password":"123456"} - - 129.852 ms
[2019-08-02T08:11:51.092Z] POST /api/users 500 query => {} - params => {} - body => {"user_name":"zhoulang","password":"123456"} - - 166.109 ms
[2019-08-02T08:13:18.640Z] POST /api/users 500 query => {} - params => {} - body => {"user_name":"zhoulang","password":"123456"} - - 78203.098 ms
[2019-08-02T08:18:54.056Z] POST /api/users 500 query => {} - params => {} - body => {"user_name":"zhoulang","password":"123456"} - - 168.095 ms
[2019-08-02T08:19:23.144Z] POST /api/users 409 query => {} - params => {} - body => {"user_name":"zhoulang","password":"123456"} - - 18.363 ms
[2019-08-02T08:19:48.080Z] POST /api/users 409 query => {} - params => {} - body => {"user_name":"zhoulang","password":"123456"} - - 16.784 ms
[2019-08-02T08:20:30.314Z] POST /api/login 422 query => {} - params => {} - body => {"user_name":"zhoulang","password":"123456"} - - 10.850 ms
[2019-08-02T08:21:40.732Z] POST /api/login 422 query => {} - params => {} - body => {"user_name":"zhoulang","password":"123456"} - - 19321.676 ms
[2019-08-02T08:23:17.292Z] POST /api/login 422 query => {} - params => {} - body => {"user_name":"zhoulang","password":"123456"} - - 11.935 ms
[2019-08-02T08:24:12.057Z] POST /api/login 422 query => {} - params => {} - body => {"user_name":"zhoulang","password":"123456"} - - 22331.677 ms
[2019-08-02T08:27:14.955Z] POST /api/login 500 query => {} - params => {} - body => {"user_name":"zhoulang","password":"123456"} - - 131.758 ms
[2019-08-02T08:28:18.304Z] POST /api/login 500 query => {} - params => {} - body => {"user_name":"zhoulang","password":"123456"} - - 148.818 ms
[2019-08-02T08:29:08.342Z] POST /api/login 500 query => {} - params => {} - body => {"user_name":"zhoulang","password":"123456"} - - 15599.228 ms
[2019-08-02T08:29:53.196Z] POST /api/login 500 query => {} - params => {} - body => {"user_name":"zhoulang","password":"123456"} - - 18484.395 ms
[2019-08-02T08:30:39.850Z] POST /api/login 500 query => {} - params => {} - body => {"user_name":"zhoulang","password":"123456"} - - 57.606 ms
[2019-08-02T08:31:04.656Z] POST /api/login 500 query => {} - params => {} - body => {"user_name":"zhoulang","password":"123456"} - - 18.304 ms
[2019-08-02T08:32:16.640Z] POST /api/login 500 query => {} - params => {} - body => {"user_name":"zhoulang","password":"123456"} - - 50.005 ms
[2019-08-02T08:43:44.705Z] POST /api/users 409 query => {} - params => {} - body => {"user_name":"zhoulang1","password":"123456"} - - 15.806 ms
[2019-08-02T08:45:41.159Z] POST /api/users 500 query => {} - params => {} - body => {"user_name":"zhoulang1","password":"123456"} - - 21.777 ms
[2019-08-02T08:46:17.110Z] POST /api/users 422 query => {} - params => {} - body => {"user_name":"zhoulang1","password":"123456"} - - 1.192 ms
[2019-08-02T08:46:17.139Z] PATCH /api/users/ 422 query => {} - params => {} - body => {} - - 0.480 ms
[2019-08-02T08:46:17.161Z] DELETE /api/users/ 422 query => {} - params => {} - body => {} - - 0.412 ms
[2019-08-02T08:46:17.183Z] GET /api/users 422 query => {} - params => {} - body => {} - - 0.369 ms
[2019-08-02T08:46:17.209Z] GET /api/users/ 422 query => {} - params => {} - body => {} - - 0.567 ms
[2019-08-02T08:52:30.544Z] POST /api/login 401 query => {} - params => {} - body => {"user_name":"zhoulang","password":"123456"} - - 20.468 ms
[2019-08-02T08:53:40.047Z] POST /api/users 409 query => {} - params => {} - body => {"user_name":"zhoulang1","password":"123456"} - - 17.955 ms
[2019-08-02T08:53:49.739Z] GET /api/users 401 query => {} - params => {} - body => {} - - 0.676 ms
[2019-08-02T09:36:17.879Z] GET /api/users 500 query => {} - params => {} - body => {} - - 11.184 ms
[2019-08-02T09:37:11.851Z] GET /api/users 500 query => {} - params => {} - body => {} - - 11.634 ms
[2019-08-02T09:41:35.713Z] GET /api/users 500 query => {} - params => {} - body => {} - - 12.379 ms
[2019-08-02T09:54:55.004Z] GET /api/users 401 query => {} - params => {} - body => {} - - 1.990 ms
[2019-08-02T10:00:24.172Z] GET /api/users/5d43f221c330c8e7df7f3f82 401 query => {} - params => {} - body => {} - - 1.139 ms
[2019-08-02T10:00:31.464Z] GET /api/users/5d43f221c330c8e7df7f3f82 404 query => {} - params => undefined - body => {} - - 3.114 ms
[2019-08-02T10:02:17.944Z] GET /api/users/5d43f221c330c8e7df7f3f82 404 query => {} - params => {} - body => {} - - 11.299 ms
[2019-08-02T10:02:39.215Z] GET /api/users/5d43f221c330c8e7df7f3f82 404 query => {} - params => {} - body => {} - - 8.468 ms
[2019-08-02T10:37:19.545Z] GET /api/users 500 query => {} - params => {} - body => {} - - 15.472 ms
[2019-08-02T10:46:44.458Z] GET /api/users 500 query => {} - params => {} - body => {} - - 13.047 ms
[2019-08-02T10:48:15.813Z] GET /api/users 500 query => {} - params => {} - body => {} - - 4.903 ms
[2019-08-02T10:50:50.264Z] GET /api/users 500 query => {} - params => {} - body => {} - - 5.004 ms
[2019-08-02T10:53:06.470Z] GET /api/users 500 query => {} - params => {} - body => {} - - 20.311 ms
