[2019-08-05T02:30:28.563Z] POST /api/login 200 query => {} - params => {} - body => {"user_name":"zhoulang","password":"123456"} - - 132.943 ms
[2019-08-05T02:30:32.726Z] GET /api/users 200 query => {} - params => {} - body => {} - - 33.379 ms
[2019-08-05T07:13:53.401Z] POST /api/login 200 query => {} - params => {} - body => {"user_name":"zhoulang","password":"123456"} - - 134.240 ms
[2019-08-05T07:13:56.784Z] GET /api/users 200 query => {} - params => {} - body => {} - - 29.823 ms
[2019-08-05T07:14:02.386Z] GET /api/users/5d43f221c330c8e7df7f3f82 200 query => {} - params => {"id":"5d43f221c330c8e7df7f3f82"} - body => {} - - 12.826 ms
[2019-08-05T07:14:28.252Z] GET /api/users/5d43f221c330c8e7df7f3f82 200 query => {} - params => {"id":"5d43f221c330c8e7df7f3f82"} - body => {} - - 13.825 ms
[2019-08-05T07:14:32.580Z] GET /api/users/5d43f221c330c8e7df7f3f83 200 query => {} - params => {"id":"5d43f221c330c8e7df7f3f83"} - body => {} - - 15.472 ms
[2019-08-05T07:52:11.851Z] DELETE /api/users/5d43f221c330c8e7df7f3f84 200 query => {} - params => {"id":"5d43f221c330c8e7df7f3f84"} - body => {} - - 34.071 ms
[2019-08-05T07:54:48.225Z] GET /api/users 200 query => {} - params => {} - body => {} - - 28.316 ms
[2019-08-05T07:55:11.739Z] GET /api/users 200 query => {} - params => {} - body => {} - - 11.671 ms
[2019-08-05T07:55:45.508Z] GET /api/users 200 query => {} - params => {} - body => {} - - 19.771 ms
[2019-08-05T07:59:05.983Z] GET /api/users 200 query => {} - params => {} - body => {} - - 49.054 ms
[2019-08-05T07:59:40.179Z] GET /api/users 200 query => {} - params => {} - body => {} - - 38.456 ms
[2019-08-05T08:11:39.537Z] GET /api/users 200 query => {} - params => {} - body => {} - - 31.550 ms
[2019-08-05T08:13:21.243Z] PATCH /api/users/5d43f23cc330c8e7df7f3f83 200 query => {} - params => {"id":"5d43f23cc330c8e7df7f3f83"} - body => {"user_name":"lang.zhou","password":""} - - 153.331 ms
[2019-08-05T08:18:42.261Z] POST /api/users 200 query => {} - params => {} - body => {"user_name":"zhoulang","password":"123456"} - - 140.645 ms
[2019-08-05T08:18:46.125Z] POST /api/login 200 query => {} - params => {} - body => {"user_name":"zhoulang","password":"123456"} - - 106.025 ms
[2019-08-05T08:18:59.548Z] POST /api/login 200 query => {} - params => {} - body => {"user_name":"zhoulang","password":"123456"} - - 131.222 ms
[2019-08-05T08:19:06.571Z] GET /api/users 200 query => {} - params => {} - body => {} - - 18.760 ms
[2019-08-05T08:34:17.370Z] PATCH /api/users/5d43f23cc330c8e7df7f3f83 200 query => {} - params => {"id":"5d43f23cc330c8e7df7f3f83"} - body => {"user_name":"111111","password":""} - - 103.451 ms
[2019-08-05T08:35:10.689Z] POST /api/login 200 query => {} - params => {} - body => {"user_name":"111111","password":""} - - 1.098 ms
